This is pdfTeX, Version 3.141592653-2.6-1.40.24 (TeX Live 2022) (preloaded format=pdflatex 2022.12.21)  15 MAY 2023 14:48
entering extended mode
 restricted \write18 enabled.
 file:line:error style messages enabled.
 %&-line parsing enabled.
**/Users/nicholas/Documents/Research_local/writing/Thesis/PhDThesis/tex/5impacts/ms.tex
(/Users/nicholas/Documents/Research_local/writing/Thesis/PhDThesis/tex/5impacts/ms.tex
LaTeX2e <2021-11-15> patch level 1
L3 programming layer <2022-02-24> (./aastex63.cls
Document Class: aastex63 2019/06/03 Version 6.3/AAS markup document class
Class aastex Info: 
 
 Original \LaTeX2.09 style by Chris Biemesderfer (chris@seagoat.com). 
 Adapted to \LaTeXe by A. Ogawa (ogawa@teleport.com)
 emulateapj.cls included, Copyright 2000-2015 Alexey Vikhlinin 
 Rewrite and update of emulateapj.cls, revised and enhanced with table macros, gridlines, draft watermark,
 track changes, new `modern' style and much more, by Amy Hendrickson,
 (amyh@texnology.com, http://www.texnology.com) 
 
  on input line 104.
\bibbaselineskip=\skip47
(/usr/local/texlive/2022/texmf-dist/tex/latex/revtex4-1/revtex4-1.cls
Document Class: revtex4-1 2020/09/30 4.1s (http://publish.aps.org/revtex4/ for documentation)
 Copyright (c) 2009 The American Physical Society.
 mailto:revtex@aps.org
 Licensed under the LPPL:
http://www.ctan.org/tex-archive/macros/latex/base/lppl.txt
 Arthur Ogawa <arthur_ogawa at sbcglobal dot net>
 Based on work by David Carlisle <david at dcarlisle.demon.co.uk>.
ltxutil[2020/09/30 4.1s utilities package (portions licensed from W. E. Baxter web at superscript.com)]
LaTeX Info: Redefining \@centercr on input line 346.
Class revtex4-1 Info: Repairing hyperref-unfriendly LaTeX definition of \mpfootnote on input line 471.
Class revtex4-1 Info: Repairing broken LateX \@sect on input line 793.
\intertabularlinepenalty=\count185
\@tbpen=\count186
\@arstrutbox@hline=\box50
Class revtex4-1 Info: Repairing broken LaTeX \@xbitor on input line 1824.
Class revtex4-1 Info: Making \typeout \long on input line 2089.
ltxfront[2020/09/30 4.1s frontmatter package (AO,DPC)]
\c@affil=\count187
\c@collab=\count188
\absbox=\box51
ltxgrid[2020/09/30 4.1s page grid package (portions licensed from W. E. Baxter web at superscript.com)]
\c@linecount=\count189
\output@latex=\toks16
\box@size@1=\box52
\box@size@2=\box53
\@protection@box=\box54
\@topmark@saved=\toks17
\footins@saved=\box55
\footins@recovered=\box56
\column@recovered=\box57
\pagesofar=\box58
\footsofar=\box59
\pagegrid@col=\count190
Class revtex4-1 Info: Overriding \@vspace, \@vspacer, \@no@pgbk, \@newline, and \\  on input line 5655.
\c@part=\count191
\c@section=\count192
\c@subsection=\count193
\c@subsubsection=\count194
\c@paragraph=\count195
\c@subparagraph=\count196
\abovecaptionskip=\skip48
\belowcaptionskip=\skip49
\c@figure=\count197
\fbox@1=\box60
\c@table=\count198
\fbox@2=\box61
\c@video=\count199
\fbox@4=\box62
\@bibdataout=\write3
\widetext@top=\box63
\widetext@bot=\box64
Class revtex4-1 Info: Selecting society aps on input line 7616.
(/usr/local/texlive/2022/texmf-dist/tex/latex/revtex4-1/aps4-1.rtx
File: aps4-1 2020/09/30 4.1s (http://publish.aps.org/revtex4/ for documentation)
Class revtex4-1 Info: RevTeX society APS selected on input line 31.
)
Class revtex4-1 Info: Selecting journal pra on input line 7618.
Class revtex4-1 Info: APS journal PRA selected on input line 7619.
 (/usr/local/texlive/2022/texmf-dist/tex/latex/revtex4-1/aps10pt4-1.rtx
File: aps10pt4-1 2020/09/30 4.1s (http://publish.aps.org/revtex4/ for documentation)
Class revtex4-1 Info: RevTeX pointsize 10pt selected on input line 30.
) (/usr/local/texlive/2022/texmf-dist/tex/latex/textcase/textcase.sty
Package: textcase 2019/09/14 v1.00 Text only upper/lower case changing (DPC)
) (/usr/local/texlive/2022/texmf-dist/tex/latex/url/url.sty
\Urlmuskip=\muskip16
Package: url 2013/09/16  ver 3.4  Verb mode for urls, etc.
) (/usr/local/texlive/2022/texmf-dist/tex/latex/natbib/natbib.sty
Package: natbib 2010/09/13 8.31b (PWD, AO)
\bibhang=\skip50
\bibsep=\skip51
LaTeX Info: Redefining \cite on input line 694.
\c@NAT@ctr=\count266
)
Class revtex4-1 Info: Repairing natbib's \BibitemShut on input line 7623.
 (/usr/local/texlive/2022/texmf-dist/tex/latex/revtex4-1/revsymb4-1.sty
Package: revsymb4-1 2020/09/30 4.1s (http://publish.aps.org/revtex4/ for documentation)
LaTeX Info: Redefining \REV@mathfrak on input line 119.
)) (/usr/local/texlive/2022/texmf-dist/tex/latex/base/latexsym.sty
Package: latexsym 1998/08/17 v2.2e Standard LaTeX package (lasy symbols)
\symlasy=\mathgroup4
LaTeX Font Info:    Overwriting symbol font `lasy' in version `bold'
(Font)                  U/lasy/m/n --> U/lasy/b/n on input line 52.
) (/usr/local/texlive/2022/texmf-dist/tex/latex/graphics/graphicx.sty
Package: graphicx 2021/09/16 v1.2d Enhanced LaTeX Graphics (DPC,SPQR)
 (/usr/local/texlive/2022/texmf-dist/tex/latex/graphics/keyval.sty
Package: keyval 2014/10/28 v1.15 key=value parser (DPC)
\KV@toks@=\toks18
) (/usr/local/texlive/2022/texmf-dist/tex/latex/graphics/graphics.sty
Package: graphics 2021/03/04 v1.4d Standard LaTeX Graphics (DPC,SPQR)
 (/usr/local/texlive/2022/texmf-dist/tex/latex/graphics/trig.sty
Package: trig 2021/08/11 v1.11 sin cos tan (DPC)
) (/usr/local/texlive/2022/texmf-dist/tex/latex/graphics-cfg/graphics.cfg
File: graphics.cfg 2016/06/04 v1.11 sample graphics configuration
)
Package graphics Info: Driver file: pdftex.def on input line 107.
 (/usr/local/texlive/2022/texmf-dist/tex/latex/graphics-def/pdftex.def
File: pdftex.def 2020/10/05 v1.2a Graphics/color driver for pdftex
))
\Gin@req@height=\dimen138
\Gin@req@width=\dimen139
) (/usr/local/texlive/2022/texmf-dist/tex/latex/amsfonts/amssymb.sty
Package: amssymb 2013/01/14 v3.01 AMS font symbols
 (/usr/local/texlive/2022/texmf-dist/tex/latex/amsfonts/amsfonts.sty
Package: amsfonts 2013/01/14 v3.01 Basic AMSFonts support
\@emptytoks=\toks19
\symAMSa=\mathgroup5
\symAMSb=\mathgroup6
LaTeX Font Info:    Redeclaring math symbol \hbar on input line 98.
LaTeX Font Info:    Overwriting math alphabet `\mathfrak' in version `bold'
(Font)                  U/euf/m/n --> U/euf/b/n on input line 106.
LaTeX Info: Redefining \frak on input line 111.
LaTeX Info: Redefining \Bbb on input line 113.
)) (/usr/local/texlive/2022/texmf-dist/tex/generic/epsf/epsf.sty
This is `epsf.tex' v2.7.4 <14 February 2011>
\epsffilein=\read2
\epsfframemargin=\dimen140
\epsfframethickness=\dimen141
\epsfrsize=\dimen142
\epsftmp=\dimen143
\epsftsize=\dimen144
\epsfxsize=\dimen145
\epsfysize=\dimen146
\pspoints=\dimen147
)
\rptnum=\count267
\rptloopnum=\count268
\fncount=\count269
\endfncount=\count270
\c@front@matter@foot@note=\count271
\keys@width=\skip52
\c@lastfootnote=\count272
\tempsectnum=\count273
\ackbox=\box65
\c@remember@figure@num=\count274
\c@remember@table@num=\count275
\bibskip=\skip53
\bibindent=\dimen148
\plot@width=\skip54
\c@table@save=\count276
\@abovenoteskip=\dimen149
\table@note@skip=\skip55
\deluxe@table@width=\skip56
\@d@t@a=\skip57
\c@deluxe@table@num=\count277
\LTcapwidth=\dimen150
\abovedeluxetableskip=\skip58
\belowdeluxetableskip=\skip59
\lastrowheight=\dimen151
\DT@p@ftn=\toks20
\pt@column=\count278
\pt@ncol=\count279
 (/usr/local/texlive/2022/texmf-dist/tex/latex/tools/longtable.sty
Package: longtable 2021-09-01 v4.17 Multi-page Table package (DPC)
\LTleft=\skip60
\LTright=\skip61
\LTpre=\skip62
\LTpost=\skip63
\LTchunksize=\count280
\LTcapwidth=\dimen152
\LT@head=\box66
\LT@firsthead=\box67
\LT@foot=\box68
\LT@lastfoot=\box69
\LT@gbox=\box70
\LT@cols=\count281
\LT@rows=\count282
\c@LT@tables=\count283
\c@LT@chunks=\count284
\LT@p@ftn=\toks21
) (/usr/local/texlive/2022/texmf-dist/tex/latex/xcolor/xcolor.sty
Package: xcolor 2021/10/31 v2.13 LaTeX color extensions (UK)
 (/usr/local/texlive/2022/texmf-dist/tex/latex/graphics-cfg/color.cfg
File: color.cfg 2016/01/02 v1.6 sample color configuration
)
Package xcolor Info: Driver file: pdftex.def on input line 227.
Package xcolor Info: Model `cmy' substituted by `cmy0' on input line 1352.
Package xcolor Info: Model `hsb' substituted by `rgb' on input line 1356.
Package xcolor Info: Model `RGB' extended on input line 1368.
Package xcolor Info: Model `HTML' substituted by `rgb' on input line 1370.
Package xcolor Info: Model `Hsb' substituted by `hsb' on input line 1371.
Package xcolor Info: Model `tHsb' substituted by `hsb' on input line 1372.
Package xcolor Info: Model `HSB' substituted by `hsb' on input line 1373.
Package xcolor Info: Model `Gray' substituted by `gray' on input line 1374.
Package xcolor Info: Model `wave' substituted by `hsb' on input line 1375.
) (/usr/local/texlive/2022/texmf-dist/tex/latex/hyperref/hyperref.sty
Package: hyperref 2022-02-21 v7.00n Hypertext links for LaTeX
 (/usr/local/texlive/2022/texmf-dist/tex/generic/ltxcmds/ltxcmds.sty
Package: ltxcmds 2020-05-10 v1.25 LaTeX kernel commands for general use (HO)
) (/usr/local/texlive/2022/texmf-dist/tex/generic/iftex/iftex.sty
Package: iftex 2022/02/03 v1.0f TeX engine tests
) (/usr/local/texlive/2022/texmf-dist/tex/generic/pdftexcmds/pdftexcmds.sty
Package: pdftexcmds 2020-06-27 v0.33 Utility functions of pdfTeX for LuaTeX (HO)
 (/usr/local/texlive/2022/texmf-dist/tex/generic/infwarerr/infwarerr.sty
Package: infwarerr 2019/12/03 v1.5 Providing info/warning/error messages (HO)
)
Package pdftexcmds Info: \pdf@primitive is available.
Package pdftexcmds Info: \pdf@ifprimitive is available.
Package pdftexcmds Info: \pdfdraftmode found.
) (/usr/local/texlive/2022/texmf-dist/tex/generic/kvsetkeys/kvsetkeys.sty
Package: kvsetkeys 2019/12/15 v1.18 Key value parser (HO)
) (/usr/local/texlive/2022/texmf-dist/tex/generic/kvdefinekeys/kvdefinekeys.sty
Package: kvdefinekeys 2019-12-19 v1.6 Define keys (HO)
) (/usr/local/texlive/2022/texmf-dist/tex/generic/pdfescape/pdfescape.sty
Package: pdfescape 2019/12/09 v1.15 Implements pdfTeX's escape features (HO)
) (/usr/local/texlive/2022/texmf-dist/tex/latex/hycolor/hycolor.sty
Package: hycolor 2020-01-27 v1.10 Color options for hyperref/bookmark (HO)
) (/usr/local/texlive/2022/texmf-dist/tex/latex/letltxmacro/letltxmacro.sty
Package: letltxmacro 2019/12/03 v1.6 Let assignment for LaTeX macros (HO)
) (/usr/local/texlive/2022/texmf-dist/tex/latex/auxhook/auxhook.sty
Package: auxhook 2019-12-17 v1.6 Hooks for auxiliary files (HO)
) (/usr/local/texlive/2022/texmf-dist/tex/latex/kvoptions/kvoptions.sty
Package: kvoptions 2020-10-07 v3.14 Key value format for package options (HO)
)
\@linkdim=\dimen153
\Hy@linkcounter=\count285
\Hy@pagecounter=\count286
 (/usr/local/texlive/2022/texmf-dist/tex/latex/hyperref/pd1enc.def
File: pd1enc.def 2022-02-21 v7.00n Hyperref: PDFDocEncoding definition (HO)
Now handling font encoding PD1 ...
... no UTF-8 mapping file for font encoding PD1
) (/usr/local/texlive/2022/texmf-dist/tex/generic/intcalc/intcalc.sty
Package: intcalc 2019/12/15 v1.3 Expandable calculations with integers (HO)
) (/usr/local/texlive/2022/texmf-dist/tex/generic/etexcmds/etexcmds.sty
Package: etexcmds 2019/12/15 v1.7 Avoid name clashes with e-TeX commands (HO)
)
\Hy@SavedSpaceFactor=\count287
 (/usr/local/texlive/2022/texmf-dist/tex/latex/hyperref/puenc.def
File: puenc.def 2022-02-21 v7.00n Hyperref: PDF Unicode definition (HO)
Now handling font encoding PU ...
... no UTF-8 mapping file for font encoding PU
)
Package hyperref Info: Option `bookmarks' set `true' on input line 4018.
Package hyperref Info: Option `pdfnewwindow' set `true' on input line 4018.
Package hyperref Info: Option `colorlinks' set `true' on input line 4018.
Package hyperref Info: Option `final' set `true' on input line 4018.
Package hyperref Info: Hyper figures OFF on input line 4137.
Package hyperref Info: Link nesting OFF on input line 4142.
Package hyperref Info: Hyper index ON on input line 4145.
Package hyperref Info: Plain pages OFF on input line 4152.
Package hyperref Info: Backreferencing OFF on input line 4157.
Package hyperref Info: Implicit mode ON; LaTeX internals redefined.
Package hyperref Info: Bookmarks ON on input line 4390.
LaTeX Info: Redefining \href on input line 4660.
\c@Hy@tempcnt=\count288
LaTeX Info: Redefining \url on input line 4749.
\XeTeXLinkMargin=\dimen154
 (/usr/local/texlive/2022/texmf-dist/tex/generic/bitset/bitset.sty
Package: bitset 2019/12/09 v1.3 Handle bit-vector datatype (HO)
 (/usr/local/texlive/2022/texmf-dist/tex/generic/bigintcalc/bigintcalc.sty
Package: bigintcalc 2019/12/15 v1.5 Expandable calculations on big integers (HO)
))
\Fld@menulength=\count289
\Field@Width=\dimen155
\Fld@charsize=\dimen156
Package hyperref Info: Hyper figures OFF on input line 6027.
Package hyperref Info: Link nesting OFF on input line 6032.
Package hyperref Info: Hyper index ON on input line 6035.
Package hyperref Info: backreferencing OFF on input line 6042.
Package hyperref Info: Link coloring ON on input line 6045.
Package hyperref Info: Link coloring with OCG OFF on input line 6052.
Package hyperref Info: PDF/A mode OFF on input line 6057.
LaTeX Info: Redefining \ref on input line 6097.
LaTeX Info: Redefining \pageref on input line 6101.
 (/usr/local/texlive/2022/texmf-dist/tex/latex/base/atbegshi-ltx.sty
Package: atbegshi-ltx 2021/01/10 v1.0c Emulation of the original atbegshi
package with kernel methods
)
\Hy@abspage=\count290
\c@Item=\count291
\c@Hfootnote=\count292
)
Package hyperref Info: Driver (autodetected): hpdftex.
 (/usr/local/texlive/2022/texmf-dist/tex/latex/hyperref/hpdftex.def
File: hpdftex.def 2022-02-21 v7.00n Hyperref driver for pdfTeX
 (/usr/local/texlive/2022/texmf-dist/tex/latex/base/atveryend-ltx.sty
Package: atveryend-ltx 2020/08/19 v1.0a Emulation of the original atveryend package
with kernel methods
)
\Fld@listcount=\count293
\c@bookmark@seq@number=\count294
 (/usr/local/texlive/2022/texmf-dist/tex/latex/rerunfilecheck/rerunfilecheck.sty
Package: rerunfilecheck 2019/12/05 v1.9 Rerun checks for auxiliary files (HO)
 (/usr/local/texlive/2022/texmf-dist/tex/generic/uniquecounter/uniquecounter.sty
Package: uniquecounter 2019/12/15 v1.4 Provide unlimited unique counter (HO)
)
Package uniquecounter Info: New unique counter `rerunfilecheck' on input line 286.
)
\Hy@SectionHShift=\skip64
) (/usr/local/texlive/2022/texmf-dist/tex/latex/tools/array.sty
Package: array 2021/10/04 v2.5f Tabular extension package (FMi)
\col@sep=\dimen157
\ar@mcellbox=\box71
\extrarowheight=\dimen158
\NC@list=\toks22
\extratabsurround=\skip65
\backup@length=\skip66
\ar@cellbox=\box72
)
\colcount=\count295
\firstcolcount=\count296
\secondcolcount=\count297
\thirdcolcount=\count298
\columncount=\count299
\howmanyDs=\count300
\firsthowmanyDs=\count301
\secondhowmanyDs=\count302
\PartsOfTable=\count303
\columnoneandtwo=\count304
\colnumsused=\count305
\loopnum=\count306
\totalcolumncount=\count307
\totalcolumns=\count308
\firsttablebox=\box73
\secondtablebox=\box74
\thirdtablebox=\box75
\longtablebox=\box76
\splitbox=\box77
\movetabledown=\dimen159
\maxtablewidth=\dimen160
\savetabskip=\dimen161
\tempcounter=\count309
\colheadcount=\count310
\rotatetablebox=\box78
\colorcount=\count311
 (/usr/local/texlive/2022/texmf-dist/tex/latex/lineno/lineno.sty
Package: lineno 2005/11/02 line numbers on paragraphs v4.41
\linenopenalty=\count312
\output=\toks23
\linenoprevgraf=\count313
\linenumbersep=\dimen162
\linenumberwidth=\dimen163
\c@linenumber=\count314
\c@pagewiselinenumber=\count315
\c@LN@truepage=\count316
\c@internallinenumber=\count317
\c@internallinenumbers=\count318
\quotelinenumbersep=\dimen164
\bframerule=\dimen165
\bframesep=\dimen166
\bframebox=\box79
LaTeX Info: Redefining \\ on input line 3056.
)
\refchangenumber=\count319
\listchangenum=\count320
 (/usr/local/texlive/2022/texmf-dist/tex/generic/ulem/ulem.sty
\UL@box=\box80
\UL@hyphenbox=\box81
\UL@skip=\skip67
\UL@hook=\toks24
\UL@height=\dimen167
\UL@pe=\count321
\UL@pixel=\dimen168
\ULC@box=\box82
Package: ulem 2019/11/18
\ULdepth=\dimen169
)
\entriesinthiscollab=\count322
\allentries=\count323
\AuthorCollaborationLimit=\count324
\largestAffilNum=\count325
\totalentries=\count326
\docollabnum=\count327
\tempauthornumber=\count328
\countauthors=\count329
\testnum=\count330
\tempauthorminusone=\count331
\affilnum=\count332
\c@affilcount=\count333
\numauthors=\count334
\collabnum=\count335
\collabnamebox=\box83
\widetext@top=\box84
\widetext@bot=\box85
\movetableright=\dimen170
) (/usr/local/texlive/2022/texmf-dist/tex/latex/tools/tabularx.sty
Package: tabularx 2020/01/15 v2.11c `tabularx' package (DPC)
\TX@col@width=\dimen171
\TX@old@table=\dimen172
\TX@old@col=\dimen173
\TX@target=\dimen174
\TX@delta=\dimen175
\TX@cols=\count336
\TX@ftn=\toks25
) (/usr/local/texlive/2022/texmf-dist/tex/latex/amsmath/amsmath.sty
Package: amsmath 2021/10/15 v2.17l AMS math features
\@mathmargin=\skip68

For additional information on amsmath, use the `?' option.
(/usr/local/texlive/2022/texmf-dist/tex/latex/amsmath/amstext.sty
Package: amstext 2021/08/26 v2.01 AMS text
 (/usr/local/texlive/2022/texmf-dist/tex/latex/amsmath/amsgen.sty
File: amsgen.sty 1999/11/30 v2.0 generic functions
\@emptytoks=\toks26
\ex@=\dimen176
)
LaTeX Info: Redefining \text on input line 28.
) (/usr/local/texlive/2022/texmf-dist/tex/latex/amsmath/amsbsy.sty
Package: amsbsy 1999/11/29 v1.2d Bold Symbols
\pmbraise@=\dimen177
) (/usr/local/texlive/2022/texmf-dist/tex/latex/amsmath/amsopn.sty
Package: amsopn 2021/08/26 v2.02 operator names
)
\inf@bad=\count337
LaTeX Info: Redefining \frac on input line 234.
\uproot@=\count338
\leftroot@=\count339
LaTeX Info: Redefining \overline on input line 399.
\classnum@=\count340
\DOTSCASE@=\count341
LaTeX Info: Redefining \ldots on input line 496.
LaTeX Info: Redefining \dots on input line 499.
LaTeX Info: Redefining \cdots on input line 620.
\Mathstrutbox@=\box86
\strutbox@=\box87
\big@size=\dimen178
LaTeX Font Info:    Redeclaring font encoding OML on input line 743.
LaTeX Font Info:    Redeclaring font encoding OMS on input line 744.
\macc@depth=\count342
\c@MaxMatrixCols=\count343
\dotsspace@=\muskip17
\c@parentequation=\count344
\dspbrk@lvl=\count345
\tag@help=\toks27
\row@=\count346
\column@=\count347
\maxfields@=\count348
\andhelp@=\toks28
\eqnshift@=\dimen179
\alignsep@=\dimen180
\tagshift@=\dimen181
\tagwidth@=\dimen182
\totwidth@=\dimen183
\lineht@=\dimen184
\@envbody=\toks29
\multlinegap=\skip69
\multlinetaggap=\skip70
\mathdisplay@stack=\toks30
LaTeX Info: Redefining \[ on input line 2938.
LaTeX Info: Redefining \] on input line 2939.
)
Class revtex4-1 Info: Unrecognized array package. Please update this document class! (Proceeding with fingers crossed.) on input line 6.
Class revtex4-1 Info: Patching unrecognized longtable package. (Proceeding with fingers crossed) on input line 6.
Class revtex4-1 Info: cite was not loaded (OK!) on input line 6.
Class revtex4-1 Info: mcite was not loaded (OK!) on input line 6.
Class revtex4-1 Info: multicol was not loaded (OK!) on input line 6.
 (/usr/local/texlive/2022/texmf-dist/tex/latex/l3backend/l3backend-pdftex.def
File: l3backend-pdftex.def 2022-02-07 L3 backend support: PDF output (pdfTeX)
\l__color_backend_stack_int=\count349
\l__pdf_internal_box=\box88
) (output/ms.aux)
\openout1 = `ms.aux'.

LaTeX Font Info:    Checking defaults for OML/cmm/m/it on input line 6.
LaTeX Font Info:    ... okay on input line 6.
LaTeX Font Info:    Checking defaults for OMS/cmsy/m/n on input line 6.
LaTeX Font Info:    ... okay on input line 6.
LaTeX Font Info:    Checking defaults for OT1/cmr/m/n on input line 6.
LaTeX Font Info:    ... okay on input line 6.
LaTeX Font Info:    Checking defaults for T1/cmr/m/n on input line 6.
LaTeX Font Info:    ... okay on input line 6.
LaTeX Font Info:    Checking defaults for TS1/cmr/m/n on input line 6.
LaTeX Font Info:    ... okay on input line 6.
LaTeX Font Info:    Checking defaults for OMX/cmex/m/n on input line 6.
LaTeX Font Info:    ... okay on input line 6.
LaTeX Font Info:    Checking defaults for U/cmr/m/n on input line 6.
LaTeX Font Info:    ... okay on input line 6.
LaTeX Font Info:    Checking defaults for PD1/pdf/m/n on input line 6.
LaTeX Font Info:    ... okay on input line 6.
LaTeX Font Info:    Checking defaults for PU/pdf/m/n on input line 6.
LaTeX Font Info:    ... okay on input line 6.
 (/usr/local/texlive/2022/texmf-dist/tex/context/base/mkii/supp-pdf.mkii
[Loading MPS to PDF converter (version 2006.09.02).]
\scratchcounter=\count350
\scratchdimen=\dimen185
\scratchbox=\box89
\nofMPsegments=\count351
\nofMParguments=\count352
\everyMPshowfont=\toks31
\MPscratchCnt=\count353
\MPscratchDim=\dimen186
\MPnumerator=\count354
\makeMPintoPDFobject=\count355
\everyMPtoPDFconversion=\toks32
) (/usr/local/texlive/2022/texmf-dist/tex/latex/epstopdf-pkg/epstopdf-base.sty
Package: epstopdf-base 2020-01-24 v2.11 Base part for package epstopdf
 (/usr/local/texlive/2022/texmf-dist/tex/latex/grfext/grfext.sty
Package: grfext 2019/12/03 v1.3 Manage graphics extensions (HO)
)
Package epstopdf-base Info: Redefining graphics rule for `.eps' on input line 485.
Package grfext Info: Graphics extension search list:
(grfext)             [.pdf,.png,.jpg,.mps,.jpeg,.jbig2,.jb2,.PDF,.PNG,.JPG,.JPEG,.JBIG2,.JB2,.eps]
(grfext)             \AppendGraphicsExtensions on input line 504.
 (/usr/local/texlive/2022/texmf-dist/tex/latex/latexconfig/epstopdf-sys.cfg
File: epstopdf-sys.cfg 2010/07/13 v1.3 Configuration of (r)epstopdf for TeX Live
))
Package hyperref Info: Link coloring ON on input line 6.
 (/usr/local/texlive/2022/texmf-dist/tex/latex/hyperref/nameref.sty
Package: nameref 2021-04-02 v2.47 Cross-referencing by name of section
 (/usr/local/texlive/2022/texmf-dist/tex/latex/refcount/refcount.sty
Package: refcount 2019/12/15 v3.6 Data extraction from label references (HO)
) (/usr/local/texlive/2022/texmf-dist/tex/generic/gettitlestring/gettitlestring.sty
Package: gettitlestring 2019/12/15 v1.6 Cleanup title references (HO)
)
\c@section@level=\count356
)
LaTeX Info: Redefining \ref on input line 6.
LaTeX Info: Redefining \pageref on input line 6.
LaTeX Info: Redefining \nameref on input line 6.
 (output/ms.out) (output/ms.out)
\@outlinefile=\write4
\openout4 = `ms.out'.

Class revtex4-1 Info: Overriding lineo.sty, restoring output routine, on input line 6.
Class revtex4-1 Info: Reinvoke \linenumbers on input line 6.
Class revtex4-1 Info: Overriding \@LN@LLerror on input line 6.
LaTeX Font Info:    Trying to load font information for U+lasy on input line 27.
 (/usr/local/texlive/2022/texmf-dist/tex/latex/base/ulasy.fd
File: ulasy.fd 1998/08/17 v2.2e LaTeX symbol font definitions
)
LaTeX Font Info:    Trying to load font information for U+msa on input line 27.
 (/usr/local/texlive/2022/texmf-dist/tex/latex/amsfonts/umsa.fd
File: umsa.fd 2013/01/14 v3.01 AMS symbols A
)
LaTeX Font Info:    Trying to load font information for U+msb on input line 27.
 (/usr/local/texlive/2022/texmf-dist/tex/latex/amsfonts/umsb.fd
File: umsb.fd 2013/01/14 v3.01 AMS symbols B
) [1{/usr/local/texlive/2022/texmf-var/fonts/map/pdftex/updmap/pdftex.map}] [2]
<figures/impact_diagram.pdf, id=198, 1717.25966pt x 579.94977pt>
File: figures/impact_diagram.pdf Graphic file (type pdf)
<use figures/impact_diagram.pdf>
Package pdftex.def Info: figures/impact_diagram.pdf  used on input line 72.
(pdftex.def)             Requested size: 513.11743pt x 173.28717pt.
 [3 <./figures/impact_diagram.pdf>]
<figures/melt_reaction_sup.pdf, id=259, 786.78316pt x 335.3372pt>
File: figures/melt_reaction_sup.pdf Graphic file (type pdf)
<use figures/melt_reaction_sup.pdf>
Package pdftex.def Info: figures/melt_reaction_sup.pdf  used on input line 89.
(pdftex.def)             Requested size: 461.80255pt x 196.82898pt.

Overfull \hbox (14.59134pt too wide) in paragraph at lines 94--94
[][]| [] [][][]| 
 []

[4 <./figures/melt_reaction_sup.pdf>]
Underfull \hbox (badness 2617) in paragraph at lines 148--148
[]|\OT1/cmr/m/n/9 Fraction of iron that re-acts with
 []


Overfull \hbox (10.0pt too wide) in alignment at lines 148--148
[][][]
 []

[5]
<figures/Figure1.pdf, id=375, 588.3261pt x 394.7764pt>
File: figures/Figure1.pdf Graphic file (type pdf)
<use figures/Figure1.pdf>
Package pdftex.def Info: figures/Figure1.pdf  used on input line 162.
(pdftex.def)             Requested size: 307.87358pt x 206.59206pt.

Overfull \hbox (14.59134pt too wide) in paragraph at lines 167--167
[][]| [] [][][]| 
 []

<figures/Figure2.pdf, id=383, 509.83286pt x 343.24173pt>
File: figures/Figure2.pdf Graphic file (type pdf)
<use figures/Figure2.pdf>
Package pdftex.def Info: figures/Figure2.pdf  used on input line 172.
(pdftex.def)             Requested size: 282.21614pt x 190.00385pt.

Overfull \vbox (17.57872pt too high) has occurred while \output is active []

 [6 <./figures/Figure1.pdf>]
<figures/Figure3.pdf, id=458, 764.73706pt x 343.24173pt>
File: figures/Figure3.pdf Graphic file (type pdf)
<use figures/Figure3.pdf>
Package pdftex.def Info: figures/Figure3.pdf  used on input line 187.
(pdftex.def)             Requested size: 359.18063pt x 161.21364pt.
<figures/Figure4.pdf, id=478, 745.64197pt x 406.5197pt>
File: figures/Figure4.pdf Graphic file (type pdf)
<use figures/Figure4.pdf>
Package pdftex.def Info: figures/Figure4.pdf  used on input line 202.
(pdftex.def)             Requested size: 359.18063pt x 195.82196pt.

Underfull \hbox (badness 1783) in paragraph at lines 207--208
[]\OT1/cmr/m/n/10 We sim-u-late the long-term evo-lu-tion of this hydrogen-rich at-mo-sphere us-ing a cou-pled one-dimensional
 []

[7 <./figures/Figure2.pdf>] [8 <./figures/Figure3.pdf> <./figures/Figure4.pdf>]
<figures/Figure5.pdf, id=676, 1214.58774pt x 429.03865pt>
File: figures/Figure5.pdf Graphic file (type pdf)
<use figures/Figure5.pdf>
Package pdftex.def Info: figures/Figure5.pdf  used on input line 242.
(pdftex.def)             Requested size: 513.11743pt x 181.25554pt.
 [9]
<figures/Figure6.pdf, id=719, 1257.19957pt x 484.78592pt>
File: figures/Figure6.pdf Graphic file (type pdf)
<use figures/Figure6.pdf>
Package pdftex.def Info: figures/Figure6.pdf  used on input line 257.
(pdftex.def)             Requested size: 513.11743pt x 197.86104pt.
 [10 <./figures/Figure5.pdf>]
<figures/Figure7.pdf, id=804, 1214.58774pt x 429.03865pt>
File: figures/Figure7.pdf Graphic file (type pdf)
<use figures/Figure7.pdf>
Package pdftex.def Info: figures/Figure7.pdf  used on input line 266.
(pdftex.def)             Requested size: 513.11743pt x 181.25554pt.
 [11 <./figures/Figure6.pdf> <./figures/Figure7.pdf>] [12] [13]
<figures/Figure7_5.pdf, id=1100, 385.75995pt x 538.70895pt>
File: figures/Figure7_5.pdf Graphic file (type pdf)
<use figures/Figure7_5.pdf>
Package pdftex.def Info: figures/Figure7_5.pdf  used on input line 307.
(pdftex.def)             Requested size: 205.24384pt x 286.62408pt.
 [14 <./figures/Figure7_5.pdf>] [15]
<figures/Figure8.pdf, id=1228, 358.43442pt x 616.83102pt>
File: figures/Figure8.pdf Graphic file (type pdf)
<use figures/Figure8.pdf>
Package pdftex.def Info: figures/Figure8.pdf  used on input line 340.
(pdftex.def)             Requested size: 205.24384pt x 353.2162pt.
 [16 <./figures/Figure8.pdf>]
<figures/supplement/citron_interpolations.pdf, id=1292, 657.00198pt x 338.40637pt>
File: figures/supplement/citron_interpolations.pdf Graphic file (type pdf)
<use figures/supplement/citron_interpolations.pdf>
Package pdftex.def Info: figures/supplement/citron_interpolations.pdf  used on input line 368.
(pdftex.def)             Requested size: 410.4955pt x 211.43633pt.

pdfTeX warning (ext4): destination with the same identifier (name{figure.1}) has been already used, duplicate ignored
<to be read again> 
                   \relax 
l.369 ...5_citron}, and \ref{fig:figure7_citron}.}
                                                  
pdfTeX warning (ext4): destination with the same identifier (name{figure.1}) has been already used, duplicate ignored
<to be read again> 
                   \relax 
l.369 ...5_citron}, and \ref{fig:figure7_citron}.}
                                                  
<figures/supplement/Figure2_Citron.pdf, id=1307, 509.83286pt x 343.24173pt>
File: figures/supplement/Figure2_Citron.pdf Graphic file (type pdf)
<use figures/supplement/Figure2_Citron.pdf>
Package pdftex.def Info: figures/supplement/Figure2_Citron.pdf  used on input line 375.
(pdftex.def)             Requested size: 282.21614pt x 190.00385pt.

pdfTeX warning (ext4): destination with the same identifier (name{figure.2}) has been already used, duplicate ignored
<to be read again> 
                   \relax 
l.376 ...d in Figure \ref{fig:melt_reaction_sup}.}
                                                  
pdfTeX warning (ext4): destination with the same identifier (name{figure.2}) has been already used, duplicate ignored
<to be read again> 
                   \relax 
l.376 ...d in Figure \ref{fig:melt_reaction_sup}.}
                                                  
<figures/supplement/Figure3_Citron.pdf, id=1312, 764.73706pt x 343.24173pt>
File: figures/supplement/Figure3_Citron.pdf Graphic file (type pdf)
<use figures/supplement/Figure3_Citron.pdf>
Package pdftex.def Info: figures/supplement/Figure3_Citron.pdf  used on input line 382.
(pdftex.def)             Requested size: 359.18063pt x 161.21364pt.

pdfTeX warning (ext4): destination with the same identifier (name{figure.3}) has been already used, duplicate ignored
<to be read again> 
                   \relax 
l.383 ...d in Figure \ref{fig:melt_reaction_sup}.}
                                                  
pdfTeX warning (ext4): destination with the same identifier (name{figure.3}) has been already used, duplicate ignored
<to be read again> 
                   \relax 
l.383 ...d in Figure \ref{fig:melt_reaction_sup}.}
                                                  
<figures/supplement/CH4_prod_and_loss.pdf, id=1317, 734.37288pt x 422.09883pt>
File: figures/supplement/CH4_prod_and_loss.pdf Graphic file (type pdf)
<use figures/supplement/CH4_prod_and_loss.pdf>
Package pdftex.def Info: figures/supplement/CH4_prod_and_loss.pdf  used on input line 389.
(pdftex.def)             Requested size: 359.18063pt x 206.45023pt.

pdfTeX warning (ext4): destination with the same identifier (name{figure.4}) has been already used, duplicate ignored
<to be read again> 
                   \relax 
l.390 ...ime which inhibits CH$_4$ recombination.}
                                                  
pdfTeX warning (ext4): destination with the same identifier (name{figure.4}) has been already used, duplicate ignored
<to be read again> 
                   \relax 
l.390 ...ime which inhibits CH$_4$ recombination.}
                                                  
<figures/supplement/CH4_N_HCN.pdf, id=1320, 997.10916pt x 541.9497pt>
File: figures/supplement/CH4_N_HCN.pdf Graphic file (type pdf)
<use figures/supplement/CH4_N_HCN.pdf>
Package pdftex.def Info: figures/supplement/CH4_N_HCN.pdf  used on input line 396.
(pdftex.def)             Requested size: 513.11743pt x 278.89635pt.

pdfTeX warning (ext4): destination with the same identifier (name{figure.5}) has been already used, duplicate ignored
<to be read again> 
                   \relax 
l.397 ...n more readily combine to make cyanides.}
                                                  
pdfTeX warning (ext4): destination with the same identifier (name{figure.5}) has been already used, duplicate ignored
<to be read again> 
                   \relax 
l.397 ...n more readily combine to make cyanides.}
                                                  
<figures/supplement/Figure5_Citron.pdf, id=1321, 1214.58774pt x 429.03865pt>
File: figures/supplement/Figure5_Citron.pdf Graphic file (type pdf)
<use figures/supplement/Figure5_Citron.pdf>
Package pdftex.def Info: figures/supplement/Figure5_Citron.pdf  used on input line 403.
(pdftex.def)             Requested size: 513.11743pt x 181.25554pt.

pdfTeX warning (ext4): destination with the same identifier (name{figure.6}) has been already used, duplicate ignored
<to be read again> 
                   \relax 
l.404 ...d in Figure \ref{fig:melt_reaction_sup}.}
                                                  
pdfTeX warning (ext4): destination with the same identifier (name{figure.6}) has been already used, duplicate ignored
<to be read again> 
                   \relax 
l.404 ...d in Figure \ref{fig:melt_reaction_sup}.}
                                                  
<figures/supplement/Figure7_Citron.pdf, id=1326, 1214.58774pt x 429.03865pt>
File: figures/supplement/Figure7_Citron.pdf Graphic file (type pdf)
<use figures/supplement/Figure7_Citron.pdf>
Package pdftex.def Info: figures/supplement/Figure7_Citron.pdf  used on input line 410.
(pdftex.def)             Requested size: 513.11743pt x 181.25554pt.

pdfTeX warning (ext4): destination with the same identifier (name{figure.7}) has been already used, duplicate ignored
<to be read again> 
                   \relax 
l.411 ...d in Figure \ref{fig:melt_reaction_sup}.}
                                                  
pdfTeX warning (ext4): destination with the same identifier (name{figure.7}) has been already used, duplicate ignored
<to be read again> 
                   \relax 
l.411 ...d in Figure \ref{fig:melt_reaction_sup}.}
                                                  
<figures/supplement/Figure5_lightning.pdf, id=1331, 378.48589pt x 319.65076pt>
File: figures/supplement/Figure5_lightning.pdf Graphic file (type pdf)
<use figures/supplement/Figure5_lightning.pdf>
Package pdftex.def Info: figures/supplement/Figure5_lightning.pdf  used on input line 417.
(pdftex.def)             Requested size: 205.24384pt x 173.33557pt.

pdfTeX warning (ext4): destination with the same identifier (name{figure.8}) has been already used, duplicate ignored
<to be read again> 
                   \relax 
l.418 ... what is achievable with photochemistry.}
                                                  
pdfTeX warning (ext4): destination with the same identifier (name{figure.8}) has been already used, duplicate ignored
<to be read again> 
                   \relax 
l.418 ... what is achievable with photochemistry.}
                                                  

Package hyperref Warning: Token not allowed in a PDF string (Unicode):
(hyperref)                removing `math shift' on input line 422.


Package hyperref Warning: Token not allowed in a PDF string (Unicode):
(hyperref)                removing `subscript' on input line 422.


Package hyperref Warning: Token not allowed in a PDF string (Unicode):
(hyperref)                removing `math shift' on input line 422.

[17 <./figures/supplement/citron_interpolations.pdf>] [18 <./figures/supplement/Figure2_Citron.pdf> <./figures/supplement/Figure3_Citron.pdf>] [19 <./figures/supplement/CH4_prod_and_loss.pdf> <./figures/supplement/CH4_N_HCN.pdf>] [20 <./figures/supplement/Figure5_Citron.pdf> <./figures/supplement/Figure7_Citron.pdf>]
Underfull \hbox (badness 10000) in paragraph at lines 445--446
[]\OT1/cmr/m/n/10 Our code for solv-ing melt-atmosphere equi-lib-rium is avail-able at the fol-low-ing Zen-odo link:
 []

[21 <./figures/supplement/Figure5_lightning.pdf>] [22]
pdfTeX warning (ext4): destination with the same identifier (name{table.1}) has been already used, duplicate ignored
<to be read again> 
                   \relax 
l.519   \caption{Variables}
                           
Overfull \hbox (30.79996pt too wide) in alignment at lines 598--598
[][][]
 []

[23] [24] [25]
<figures/supplement/Earth_Titan_validation.pdf, id=1914, 865.11328pt x 542.15451pt>
File: figures/supplement/Earth_Titan_validation.pdf Graphic file (type pdf)
<use figures/supplement/Earth_Titan_validation.pdf>
Package pdftex.def Info: figures/supplement/Earth_Titan_validation.pdf  used on input line 676.
(pdftex.def)             Requested size: 410.4955pt x 257.25307pt.

pdfTeX warning (ext4): destination with the same identifier (name{figure.9}) has been already used, duplicate ignored
<to be read again> 
                   \relax 
l.677 ...1,Vuitton_2006,Massie_1981,Ehhalt_1975}.}
                                                  
pdfTeX warning (ext4): destination with the same identifier (name{figure.9}) has been already used, duplicate ignored
<to be read again> 
                   \relax 
l.677 ...1,Vuitton_2006,Massie_1981,Ehhalt_1975}.}
                                                   [26 <./figures/supplement/Earth_Titan_validation.pdf>]
<figures/supplement/vdep_HCN.pdf, id=2048, 540.76407pt x 333.28893pt>
File: figures/supplement/vdep_HCN.pdf Graphic file (type pdf)
<use figures/supplement/vdep_HCN.pdf>
Package pdftex.def Info: figures/supplement/vdep_HCN.pdf  used on input line 720.
(pdftex.def)             Requested size: 256.55872pt x 158.1257pt.

pdfTeX warning (ext4): destination with the same identifier (name{figure.10}) has been already used, duplicate ignored
<to be read again> 
                   \relax 
l.721 ... 10^{4}$ cm, $z_d = 4 \times 10^{5}$ cm.}
                                                  
pdfTeX warning (ext4): destination with the same identifier (name{figure.10}) has been already used, duplicate ignored
<to be read again> 
                   \relax 
l.721 ... 10^{4}$ cm, $z_d = 4 \times 10^{5}$ cm.}
                                                   [27]
Underfull \hbox (badness 1910) in paragraph at lines 786--786
\OT1/cmr/m/n/9 500 cm$[]$ cut-off. As-sumes self-broadening
 []


Underfull \hbox (badness 6078) in paragraph at lines 786--786
[]|\OT1/cmr/m/n/9 HITEMP2020. Voigt line-shape with 25
 []


Underfull \hbox (badness 6284) in paragraph at lines 786--786
[]|\OT1/cmr/m/n/9 HITRAN2016. Voigt line-shape with 25
 []


Underfull \hbox (badness 6284) in paragraph at lines 786--786
[]|\OT1/cmr/m/n/9 HITRAN2016. Voigt line-shape with 25
 []


Underfull \hbox (badness 10000) in paragraph at lines 786--786
[]|\OT1/cmr/m/n/9 Rayleigh
 []


Overfull \hbox (10.0pt too wide) in alignment at lines 786--786
[][][][]
 []

<figures/supplement/early_mars_validation.pdf, id=2266, 444.84633pt x 355.99988pt>
File: figures/supplement/early_mars_validation.pdf Graphic file (type pdf)
<use figures/supplement/early_mars_validation.pdf>
Package pdftex.def Info: figures/supplement/early_mars_validation.pdf  used on input line 792.
(pdftex.def)             Requested size: 256.55872pt x 205.3176pt.

pdfTeX warning (ext4): destination with the same identifier (name{figure.11}) has been already used, duplicate ignored
<to be read again> 
                   \relax 
l.793 ...en the two codes validates \emph{Clima}.}
                                                  
pdfTeX warning (ext4): destination with the same identifier (name{figure.11}) has been already used, duplicate ignored
<to be read again> 
                   \relax 
l.793 ...en the two codes validates \emph{Clima}.}
                                                   (output/ms.bbl [28 <./figures/supplement/vdep_HCN.pdf> <./figures/supplement/early_mars_validation.pdf>] [29] [30]) [31] (output/ms.aux)
Package rerunfilecheck Info: File `ms.out' has not changed.
(rerunfilecheck)             Checksum: 17C0187777380646CBFCA093924802FC;4484.
 ) 
Here is how much of TeX's memory you used:
 13933 strings out of 478268
 211984 string characters out of 5846346
 591951 words of memory out of 5000000
 31734 multiletter control sequences out of 15000+600000
 480004 words of font info for 71 fonts, out of 8000000 for 9000
 1141 hyphenation exceptions out of 8191
 75i,15n,77p,2068b,628s stack positions out of 10000i,1000n,20000p,200000b,200000s
</usr/local/texlive/2022/texmf-dist/fonts/type1/public/amsfonts/cm/cmbx10.pfb></usr/local/texlive/2022/texmf-dist/fonts/type1/public/amsfonts/cm/cmbx9.pfb></usr/local/texlive/2022/texmf-dist/fonts/type1/public/amsfonts/cm/cmcsc10.pfb></usr/local/texlive/2022/texmf-dist/fonts/type1/public/amsfonts/cm/cmex10.pfb></usr/local/texlive/2022/texmf-dist/fonts/type1/public/amsfonts/cm/cmmi10.pfb></usr/local/texlive/2022/texmf-dist/fonts/type1/public/amsfonts/cm/cmmi5.pfb></usr/local/texlive/2022/texmf-dist/fonts/type1/public/amsfonts/cm/cmmi6.pfb></usr/local/texlive/2022/texmf-dist/fonts/type1/public/amsfonts/cm/cmmi7.pfb></usr/local/texlive/2022/texmf-dist/fonts/type1/public/amsfonts/cm/cmmi9.pfb></usr/local/texlive/2022/texmf-dist/fonts/type1/public/amsfonts/cm/cmr10.pfb></usr/local/texlive/2022/texmf-dist/fonts/type1/public/amsfonts/cm/cmr5.pfb></usr/local/texlive/2022/texmf-dist/fonts/type1/public/amsfonts/cm/cmr6.pfb></usr/local/texlive/2022/texmf-dist/fonts/type1/public/amsfonts/cm/cmr7.pfb></usr/local/texlive/2022/texmf-dist/fonts/type1/public/amsfonts/cm/cmr8.pfb></usr/local/texlive/2022/texmf-dist/fonts/type1/public/amsfonts/cm/cmr9.pfb></usr/local/texlive/2022/texmf-dist/fonts/type1/public/amsfonts/cm/cmss8.pfb></usr/local/texlive/2022/texmf-dist/fonts/type1/public/amsfonts/cm/cmsy10.pfb></usr/local/texlive/2022/texmf-dist/fonts/type1/public/amsfonts/cm/cmsy6.pfb></usr/local/texlive/2022/texmf-dist/fonts/type1/public/amsfonts/cm/cmsy7.pfb></usr/local/texlive/2022/texmf-dist/fonts/type1/public/amsfonts/cm/cmsy9.pfb></usr/local/texlive/2022/texmf-dist/fonts/type1/public/amsfonts/cm/cmti10.pfb></usr/local/texlive/2022/texmf-dist/fonts/type1/public/amsfonts/cm/cmti8.pfb></usr/local/texlive/2022/texmf-dist/fonts/type1/public/amsfonts/cm/cmti9.pfb></usr/local/texlive/2022/texmf-dist/fonts/type1/public/amsfonts/symbols/msam10.pfb>
Output written on output/ms.pdf (31 pages, 1291003 bytes).
PDF statistics:
 2531 PDF objects out of 2984 (max. 8388607)
 1236 compressed objects within 13 object streams
 204 named destinations out of 1000 (max. 500000)
 271 words of extra memory for PDF output out of 10000 (max. 10000000)

